<?xml version="1.0" encoding="UTF-8"?>
<!-- Generated by org.testng.reporters.JUnitXMLReporter -->
<testsuite ignored="0" hostname="DESKTOP-9LDSGNB" failures="0" tests="1" name="Login" time="0.054" errors="0" timestamp="2020-02-19T00:23:52 EST">
  <testcase classname="co.xml.tests.Login_Function_Test" name="@BeforeMethod set_up" time="-1.582089832304E9">
    <failure type="org.testng.TestNGException" message="
Parameter &amp;apos;browser&amp;apos; is required by BeforeMethod on method set_up but has not been marked @Optional or defined
in C:\Users\emal_\eclipse-workspace\Functionaloffer\src\test\sdfds.xml">
      <![CDATA[org.testng.TestNGException: 
Parameter 'browser' is required by BeforeMethod on method set_up but has not been marked @Optional or defined
in C:\Users\emal_\eclipse-workspace\Functionaloffer\src\test\sdfds.xml
at java.base/java.util.ArrayList.forEach(ArrayList.java:1507)
... Removed 28 stack frames]]>
    </failure>
  </testcase> <!-- @BeforeMethod set_up -->
  <testcase classname="co.xml.tests.Login_Function_Test" name="@AfterMethod tear_down" time="-1.582089832323E9">
    <skipped/>
  </testcase> <!-- @AfterMethod tear_down -->
  <testcase classname="co.xml.tests.Login_Function_Test" name="test1" time="0.0">
    <skipped/>
  </testcase> <!-- test1 -->
</testsuite> <!-- Login -->
