<?xml version="1.0" encoding="UTF-8"?>
<!-- Generated by org.testng.reporters.JUnitReportReporter -->
<testsuite hostname="DESKTOP-9LDSGNB" failures="0" tests="2" name="NewTest.MoveElement" time="16.446" errors="1" timestamp="2020-03-18T20:06:11 EDT" skipped="1">
  <testcase classname="NewTest.MoveElement" name="beforemethod" time="16.446">
    <error message="session not created
from chrome not reachable
  (Session info: chrome=80.0.3987.132)
Build info: version: &#039;3.141.59&#039;, revision: &#039;e82be7d358&#039;, time: &#039;2018-11-14T08:17:03&#039;
System info: host: &#039;DESKTOP-9LDSGNB&#039;, ip: &#039;192.168.0.16&#039;, os.name: &#039;Windows 10&#039;, os.arch: &#039;amd64&#039;, os.version: &#039;10.0&#039;, java.version: &#039;13.0.1&#039;
Driver info: driver.version: ChromeDriver
remote stacktrace: Backtrace:
	Ordinal0 [0x0031A113+1548563]
	Ordinal0 [0x0029DDA1+1039777]
	Ordinal0 [0x0021E32E+516910]
	Ordinal0 [0x00218012+491538]
	Ordinal0 [0x002186EB+493291]
	Ordinal0 [0x00219855+497749]
	Ordinal0 [0x00215885+481413]
	Ordinal0 [0x0021F0D0+520400]
	Ordinal0 [0x001CC030+180272]
	Ordinal0 [0x001CB59D+177565]
	Ordinal0 [0x001C95FB+169467]
	Ordinal0 [0x001B160A+71178]
	Ordinal0 [0x001B2690+75408]
	Ordinal0 [0x001B2629+75305]
	Ordinal0 [0x002B71B7+1143223]
	GetHandleVerifier [0x003B2B46+507814]
	GetHandleVerifier [0x003B2864+507076]
	GetHandleVerifier [0x003B9F47+537511]
	GetHandleVerifier [0x003B3402+510050]
	Ordinal0 [0x002AF29C+1110684]
	Ordinal0 [0x002B938B+1151883]
	Ordinal0 [0x002B94F3+1152243]
	Ordinal0 [0x002B83F5+1147893]
	BaseThreadInitThunk [0x761C6359+25]
	RtlGetAppContainerNamedObjectPath [0x77377B74+228]
	RtlGetAppContainerNamedObjectPath [0x77377B44+180]
" type="org.openqa.selenium.SessionNotCreatedException">
      <![CDATA[org.openqa.selenium.SessionNotCreatedException: session not created
from chrome not reachable
  (Session info: chrome=80.0.3987.132)
Build info: version: '3.141.59', revision: 'e82be7d358', time: '2018-11-14T08:17:03'
System info: host: 'DESKTOP-9LDSGNB', ip: '192.168.0.16', os.name: 'Windows 10', os.arch: 'amd64', os.version: '10.0', java.version: '13.0.1'
Driver info: driver.version: ChromeDriver
remote stacktrace: Backtrace:
Ordinal0 [0x0031A113+1548563]
Ordinal0 [0x0029DDA1+1039777]
Ordinal0 [0x0021E32E+516910]
Ordinal0 [0x00218012+491538]
Ordinal0 [0x002186EB+493291]
Ordinal0 [0x00219855+497749]
Ordinal0 [0x00215885+481413]
Ordinal0 [0x0021F0D0+520400]
Ordinal0 [0x001CC030+180272]
Ordinal0 [0x001CB59D+177565]
Ordinal0 [0x001C95FB+169467]
Ordinal0 [0x001B160A+71178]
Ordinal0 [0x001B2690+75408]
Ordinal0 [0x001B2629+75305]
Ordinal0 [0x002B71B7+1143223]
GetHandleVerifier [0x003B2B46+507814]
GetHandleVerifier [0x003B2864+507076]
GetHandleVerifier [0x003B9F47+537511]
GetHandleVerifier [0x003B3402+510050]
Ordinal0 [0x002AF29C+1110684]
Ordinal0 [0x002B938B+1151883]
Ordinal0 [0x002B94F3+1152243]
Ordinal0 [0x002B83F5+1147893]
BaseThreadInitThunk [0x761C6359+25]
RtlGetAppContainerNamedObjectPath [0x77377B74+228]
RtlGetAppContainerNamedObjectPath [0x77377B44+180]

at java.base/jdk.internal.reflect.NativeConstructorAccessorImpl.newInstance0(Native Method)
at java.base/jdk.internal.reflect.NativeConstructorAccessorImpl.newInstance(NativeConstructorAccessorImpl.java:62)
at java.base/jdk.internal.reflect.DelegatingConstructorAccessorImpl.newInstance(DelegatingConstructorAccessorImpl.java:45)
at java.base/java.lang.reflect.Constructor.newInstanceWithCaller(Constructor.java:500)
at java.base/java.lang.reflect.Constructor.newInstance(Constructor.java:481)
at org.openqa.selenium.remote.W3CHandshakeResponse.lambda$errorHandler$0(W3CHandshakeResponse.java:62)
at org.openqa.selenium.remote.HandshakeResponse.lambda$getResponseFunction$0(HandshakeResponse.java:30)
at org.openqa.selenium.remote.ProtocolHandshake.lambda$createSession$0(ProtocolHandshake.java:126)
at java.base/java.util.stream.ReferencePipeline$3$1.accept(ReferencePipeline.java:195)
at java.base/java.util.Spliterators$ArraySpliterator.tryAdvance(Spliterators.java:958)
at java.base/java.util.stream.ReferencePipeline.forEachWithCancel(ReferencePipeline.java:127)
at java.base/java.util.stream.AbstractPipeline.copyIntoWithCancel(AbstractPipeline.java:502)
at java.base/java.util.stream.AbstractPipeline.copyInto(AbstractPipeline.java:488)
at java.base/java.util.stream.AbstractPipeline.wrapAndCopyInto(AbstractPipeline.java:474)
at java.base/java.util.stream.FindOps$FindOp.evaluateSequential(FindOps.java:150)
at java.base/java.util.stream.AbstractPipeline.evaluate(AbstractPipeline.java:234)
at java.base/java.util.stream.ReferencePipeline.findFirst(ReferencePipeline.java:543)
at org.openqa.selenium.remote.ProtocolHandshake.createSession(ProtocolHandshake.java:128)
at org.openqa.selenium.remote.ProtocolHandshake.createSession(ProtocolHandshake.java:74)
at org.openqa.selenium.remote.HttpCommandExecutor.execute(HttpCommandExecutor.java:136)
at org.openqa.selenium.remote.service.DriverCommandExecutor.execute(DriverCommandExecutor.java:83)
at org.openqa.selenium.remote.RemoteWebDriver.execute(RemoteWebDriver.java:552)
at org.openqa.selenium.remote.RemoteWebDriver.startSession(RemoteWebDriver.java:213)
at org.openqa.selenium.remote.RemoteWebDriver.<init>(RemoteWebDriver.java:131)
at org.openqa.selenium.chrome.ChromeDriver.<init>(ChromeDriver.java:181)
at org.openqa.selenium.chrome.ChromeDriver.<init>(ChromeDriver.java:168)
at org.openqa.selenium.chrome.ChromeDriver.<init>(ChromeDriver.java:123)
at NewTest.MoveElement.beforemethod(MoveElement.java:33)
at java.base/jdk.internal.reflect.NativeMethodAccessorImpl.invoke0(Native Method)
at java.base/jdk.internal.reflect.NativeMethodAccessorImpl.invoke(NativeMethodAccessorImpl.java:62)
at java.base/jdk.internal.reflect.DelegatingMethodAccessorImpl.invoke(DelegatingMethodAccessorImpl.java:43)
at java.base/java.lang.reflect.Method.invoke(Method.java:567)
at org.testng.internal.MethodInvocationHelper.invokeMethod(MethodInvocationHelper.java:133)
at org.testng.internal.MethodInvocationHelper.invokeMethodConsideringTimeout(MethodInvocationHelper.java:62)
at org.testng.internal.ConfigInvoker.invokeConfigurationMethod(ConfigInvoker.java:340)
at org.testng.internal.ConfigInvoker.invokeConfigurations(ConfigInvoker.java:294)
at org.testng.internal.TestInvoker.runConfigMethods(TestInvoker.java:683)
at org.testng.internal.TestInvoker.invokeMethod(TestInvoker.java:510)
at org.testng.internal.TestInvoker.invokeTestMethod(TestInvoker.java:172)
at org.testng.internal.MethodRunner.runInSequence(MethodRunner.java:46)
at org.testng.internal.TestInvoker$MethodInvocationAgent.invoke(TestInvoker.java:804)
at org.testng.internal.TestInvoker.invokeTestMethods(TestInvoker.java:145)
at org.testng.internal.TestMethodWorker.invokeTestMethods(TestMethodWorker.java:146)
at org.testng.internal.TestMethodWorker.run(TestMethodWorker.java:128)
at java.base/java.util.ArrayList.forEach(ArrayList.java:1507)
at org.testng.TestRunner.privateRun(TestRunner.java:770)
at org.testng.TestRunner.run(TestRunner.java:591)
at org.testng.SuiteRunner.runTest(SuiteRunner.java:402)
at org.testng.SuiteRunner.runSequentially(SuiteRunner.java:396)
at org.testng.SuiteRunner.privateRun(SuiteRunner.java:355)
at org.testng.SuiteRunner.run(SuiteRunner.java:304)
at org.testng.SuiteRunnerWorker.runSuite(SuiteRunnerWorker.java:53)
at org.testng.SuiteRunnerWorker.run(SuiteRunnerWorker.java:96)
at org.testng.TestNG.runSuitesSequentially(TestNG.java:1180)
at org.testng.TestNG.runSuitesLocally(TestNG.java:1102)
at org.testng.TestNG.runSuites(TestNG.java:1032)
at org.testng.TestNG.run(TestNG.java:1000)
at org.testng.remote.AbstractRemoteTestNG.run(AbstractRemoteTestNG.java:115)
at org.testng.remote.RemoteTestNG.initAndRun(RemoteTestNG.java:251)
at org.testng.remote.RemoteTestNG.main(RemoteTestNG.java:77)
]]>
    </error>
  </testcase> <!-- beforemethod -->
  <testcase classname="NewTest.MoveElement" name="f" time="0.000">
    <skipped/>
  </testcase> <!-- f -->
</testsuite> <!-- NewTest.MoveElement -->
